<?xml version="1.0" encoding="UTF-8"?>
<testsuite xmlns:xsi="http://www.w3.org/2001/XMLSchema-instance" xsi:noNamespaceSchemaLocation="https://maven.apache.org/surefire/maven-surefire-plugin/xsd/surefire-test-report.xsd" name="basdijkstra.ArithmeticCapabilityTest" time="0.114" tests="2" errors="0" skipped="1" failures="0">
  <properties>
    <property name="java.specification.version" value="17"/>
    <property name="sun.cpu.isalist" value="amd64"/>
    <property name="sun.jnu.encoding" value="Cp1252"/>
    <property name="java.class.path" value="C:\Users\negre\Desktop\a-test-automation-project\target\test-classes;C:\Users\negre\Desktop\a-test-automation-project\target\classes;C:\Users\negre\.m2\repository\junit\junit\4.13.2\junit-4.13.2.jar;C:\Users\negre\.m2\repository\org\hamcrest\hamcrest-core\1.3\hamcrest-core-1.3.jar;C:\Users\negre\.m2\repository\io\rest-assured\rest-assured\5.0.0\rest-assured-5.0.0.jar;C:\Users\negre\.m2\repository\org\apache\groovy\groovy\4.0.1\groovy-4.0.1.jar;C:\Users\negre\.m2\repository\org\apache\groovy\groovy-xml\4.0.1\groovy-xml-4.0.1.jar;C:\Users\negre\.m2\repository\org\apache\httpcomponents\httpclient\4.5.13\httpclient-4.5.13.jar;C:\Users\negre\.m2\repository\org\apache\httpcomponents\httpcore\4.4.13\httpcore-4.4.13.jar;C:\Users\negre\.m2\repository\commons-logging\commons-logging\1.2\commons-logging-1.2.jar;C:\Users\negre\.m2\repository\commons-codec\commons-codec\1.11\commons-codec-1.11.jar;C:\Users\negre\.m2\repository\org\apache\httpcomponents\httpmime\4.5.13\httpmime-4.5.13.jar;C:\Users\negre\.m2\repository\org\hamcrest\hamcrest\2.1\hamcrest-2.1.jar;C:\Users\negre\.m2\repository\org\ccil\cowan\tagsoup\tagsoup\1.2.1\tagsoup-1.2.1.jar;C:\Users\negre\.m2\repository\io\rest-assured\json-path\5.0.0\json-path-5.0.0.jar;C:\Users\negre\.m2\repository\org\apache\groovy\groovy-json\4.0.1\groovy-json-4.0.1.jar;C:\Users\negre\.m2\repository\io\rest-assured\rest-assured-common\5.0.0\rest-assured-common-5.0.0.jar;C:\Users\negre\.m2\repository\io\rest-assured\xml-path\5.0.0\xml-path-5.0.0.jar;C:\Users\negre\.m2\repository\org\apache\commons\commons-lang3\3.11\commons-lang3-3.11.jar;"/>
    <property name="java.vm.vendor" value="Oracle Corporation"/>
    <property name="sun.arch.data.model" value="64"/>
    <property name="user.variant" value=""/>
    <property name="java.vendor.url" value="https://java.oracle.com/"/>
    <property name="user.timezone" value="America/Mexico_City"/>
    <property name="os.name" value="Windows 10"/>
    <property name="java.vm.specification.version" value="17"/>
    <property name="sun.java.launcher" value="SUN_STANDARD"/>
    <property name="user.country" value="MX"/>
    <property name="sun.boot.library.path" value="C:\Program Files\Java\jdk-17.0.1\bin"/>
    <property name="sun.java.command" value="C:\Users\negre\AppData\Local\Temp\surefire16962855721173838302\surefirebooter10012910899637800789.jar C:\Users\negre\AppData\Local\Temp\surefire16962855721173838302 2024-03-27T14-30-28_446-jvmRun1 surefire7082933182426191256tmp surefire_01578154648235301202tmp"/>
    <property name="jdk.debug" value="release"/>
    <property name="test" value="ArithmeticCapabilityTest"/>
    <property name="surefire.test.class.path" value="C:\Users\negre\Desktop\a-test-automation-project\target\test-classes;C:\Users\negre\Desktop\a-test-automation-project\target\classes;C:\Users\negre\.m2\repository\junit\junit\4.13.2\junit-4.13.2.jar;C:\Users\negre\.m2\repository\org\hamcrest\hamcrest-core\1.3\hamcrest-core-1.3.jar;C:\Users\negre\.m2\repository\io\rest-assured\rest-assured\5.0.0\rest-assured-5.0.0.jar;C:\Users\negre\.m2\repository\org\apache\groovy\groovy\4.0.1\groovy-4.0.1.jar;C:\Users\negre\.m2\repository\org\apache\groovy\groovy-xml\4.0.1\groovy-xml-4.0.1.jar;C:\Users\negre\.m2\repository\org\apache\httpcomponents\httpclient\4.5.13\httpclient-4.5.13.jar;C:\Users\negre\.m2\repository\org\apache\httpcomponents\httpcore\4.4.13\httpcore-4.4.13.jar;C:\Users\negre\.m2\repository\commons-logging\commons-logging\1.2\commons-logging-1.2.jar;C:\Users\negre\.m2\repository\commons-codec\commons-codec\1.11\commons-codec-1.11.jar;C:\Users\negre\.m2\repository\org\apache\httpcomponents\httpmime\4.5.13\httpmime-4.5.13.jar;C:\Users\negre\.m2\repository\org\hamcrest\hamcrest\2.1\hamcrest-2.1.jar;C:\Users\negre\.m2\repository\org\ccil\cowan\tagsoup\tagsoup\1.2.1\tagsoup-1.2.1.jar;C:\Users\negre\.m2\repository\io\rest-assured\json-path\5.0.0\json-path-5.0.0.jar;C:\Users\negre\.m2\repository\org\apache\groovy\groovy-json\4.0.1\groovy-json-4.0.1.jar;C:\Users\negre\.m2\repository\io\rest-assured\rest-assured-common\5.0.0\rest-assured-common-5.0.0.jar;C:\Users\negre\.m2\repository\io\rest-assured\xml-path\5.0.0\xml-path-5.0.0.jar;C:\Users\negre\.m2\repository\org\apache\commons\commons-lang3\3.11\commons-lang3-3.11.jar;"/>
    <property name="sun.cpu.endian" value="little"/>
    <property name="user.home" value="C:\Users\negre"/>
    <property name="user.language" value="es"/>
    <property name="java.specification.vendor" value="Oracle Corporation"/>
    <property name="java.version.date" value="2021-10-19"/>
    <property name="java.home" value="C:\Program Files\Java\jdk-17.0.1"/>
    <property name="file.separator" value="\"/>
    <property name="basedir" value="C:\Users\negre\Desktop\a-test-automation-project"/>
    <property name="java.vm.compressedOopsMode" value="32-bit"/>
    <property name="line.separator" value="&#10;"/>
    <property name="java.vm.specification.vendor" value="Oracle Corporation"/>
    <property name="java.specification.name" value="Java Platform API Specification"/>
    <property name="surefire.real.class.path" value="C:\Users\negre\AppData\Local\Temp\surefire16962855721173838302\surefirebooter10012910899637800789.jar"/>
    <property name="user.script" value=""/>
    <property name="sun.management.compiler" value="HotSpot 64-Bit Tiered Compilers"/>
    <property name="java.runtime.version" value="17.0.1+12-LTS-39"/>
    <property name="user.name" value="negre"/>
    <property name="path.separator" value=";"/>
    <property name="os.version" value="10.0"/>
    <property name="java.runtime.name" value="Java(TM) SE Runtime Environment"/>
    <property name="file.encoding" value="Cp1252"/>
    <property name="java.vm.name" value="Java HotSpot(TM) 64-Bit Server VM"/>
    <property name="localRepository" value="C:\Users\negre\.m2\repository"/>
    <property name="java.vendor.url.bug" value="https://bugreport.java.com/bugreport/"/>
    <property name="java.io.tmpdir" value="C:\Users\negre\AppData\Local\Temp\"/>
    <property name="java.version" value="17.0.1"/>
    <property name="user.dir" value="C:\Users\negre\Desktop\a-test-automation-project"/>
    <property name="os.arch" value="amd64"/>
    <property name="java.vm.specification.name" value="Java Virtual Machine Specification"/>
    <property name="sun.os.patch.level" value=""/>
    <property name="native.encoding" value="Cp1252"/>
    <property name="java.library.path" value="C:\Program Files\Java\jdk-17.0.1\bin;C:\WINDOWS\Sun\Java\bin;C:\WINDOWS\system32;C:\WINDOWS;C:\Program Files\Common Files\Oracle\Java\javapath;C:\Program Files (x86)\Common Files\Oracle\Java\javapath;C:\WINDOWS\system32;C:\WINDOWS;C:\WINDOWS\System32\Wbem;C:\WINDOWS\System32\WindowsPowerShell\v1.0\;C:\WINDOWS\System32\OpenSSH\;C:\Program Files\Microsoft SQL Server\150\Tools\Binn\;C:\Program Files\Microsoft SQL Server\Client SDK\ODBC\170\Tools\Binn\;C:\Program Files\Microsoft SQL Server\130\Tools\Binn\;C:\Program Files (x86)\Microsoft SQL Server\150\DTS\Binn\;C:\Program Files\Azure Data Studio\bin;C:\Program Files (x86)\Microsoft SQL Server\150\Tools\Binn\;C:\Program Files\Microsoft SQL Server\150\DTS\Binn\;C:\gradle-7.3.3\bin;C:\Program Files\Git\cmd;C:\Program Files\dotnet\;C:\WINDOWS\system32;C:\WINDOWS;C:\WINDOWS\System32\Wbem;C:\WINDOWS\System32\WindowsPowerShell\v1.0\;C:\WINDOWS\System32\OpenSSH\;C:\Program Files\Docker\Docker\resources\bin;C:\Users\negre\AppData\Roaming\nvm;C:\Program Files\nodejs;C:\Program Files\Java\jdk-17.0.1;C:\apache-maven-3.9.6\bin;C:\allure-2.27.0\bin;C:\Users\negre\AppData\Local\Programs\Python\Python311\Scripts\;C:\Users\negre\AppData\Local\Programs\Python\Python311\;C:\Program Files\MySQL\MySQL Shell 8.0\bin\;C:\Users\negre\AppData\Local\Microsoft\WindowsApps;C:\Users\negre\.dotnet\tools;C:\Users\negre\AppData\Local\Programs\Microsoft VS Code\bin;C:\Program Files\Azure Data Studio\bin;C:\Users\negre\AppData\Roaming\npm;C:\Users\negre\AppData\Roaming\nvm;C:\Program Files\nodejs;C:\Program Files\JetBrains\IntelliJ IDEA Community Edition 2023.3.5\bin;;."/>
    <property name="java.vm.info" value="mixed mode, sharing"/>
    <property name="java.vendor" value="Oracle Corporation"/>
    <property name="java.vm.version" value="17.0.1+12-LTS-39"/>
    <property name="sun.io.unicode.encoding" value="UnicodeLittle"/>
    <property name="java.class.version" value="61.0"/>
  </properties>
  <testcase name="additionFail" classname="basdijkstra.ArithmeticCapabilityTest" time="0">
    <skipped/>
  </testcase>
  <testcase name="additionPass" classname="basdijkstra.ArithmeticCapabilityTest" time="0.004"/>
</testsuite>